0 info it worked if it ends with ok
1 verbose cli [ '/usr/bin/node', '/usr/bin/npm', 'install', '-g', 'screen' ]
2 info using npm@1.4.28
3 info using node@v0.10.40
4 verbose node symlink /usr/bin/node
5 verbose cache add [ 'screen', null ]
6 verbose cache add name=undefined spec="screen" args=["screen",null]
7 verbose parsed url { protocol: null,
7 verbose parsed url   slashes: null,
7 verbose parsed url   auth: null,
7 verbose parsed url   host: null,
7 verbose parsed url   port: null,
7 verbose parsed url   hostname: null,
7 verbose parsed url   hash: null,
7 verbose parsed url   search: null,
7 verbose parsed url   query: null,
7 verbose parsed url   pathname: 'screen',
7 verbose parsed url   path: 'screen',
7 verbose parsed url   href: 'screen' }
8 silly lockFile 35b19fa8-screen screen
9 verbose lock screen /var/www/vhosts/comp3001.sam-payne.co.uk/.npm/35b19fa8-screen.lock
10 silly lockFile 35b19fa8-screen screen
11 silly lockFile 35b19fa8-screen screen
12 verbose addNamed [ 'screen', '' ]
13 verbose addNamed [ null, '*' ]
14 silly lockFile b062d126-screen screen@
15 verbose lock screen@ /var/www/vhosts/comp3001.sam-payne.co.uk/.npm/b062d126-screen.lock
16 silly addNameRange { name: 'screen', range: '*', hasData: false }
17 verbose request where is /screen
18 verbose request registry https://registry.npmjs.org/
19 verbose request id 1e9f01c774a58f12
20 verbose url raw /screen
21 verbose url resolving [ 'https://registry.npmjs.org/', './screen' ]
22 verbose url resolved https://registry.npmjs.org/screen
23 verbose request where is https://registry.npmjs.org/screen
24 info trying registry request attempt 1 at 13:11:40
25 http GET https://registry.npmjs.org/screen
26 http 200 https://registry.npmjs.org/screen
27 silly registry.get cb [ 200,
27 silly registry.get   { server: 'CouchDB/1.5.0 (Erlang OTP/R16B03)',
27 silly registry.get     etag: '"1WMJZ35Y60QCYZM9J71QBAT7A"',
27 silly registry.get     'content-type': 'application/json',
27 silly registry.get     'cache-control': 'max-age=60',
27 silly registry.get     'content-length': '21788',
27 silly registry.get     'accept-ranges': 'bytes',
27 silly registry.get     date: 'Fri, 06 Nov 2015 12:11:40 GMT',
27 silly registry.get     via: '1.1 varnish',
27 silly registry.get     age: '0',
27 silly registry.get     connection: 'keep-alive',
27 silly registry.get     'x-served-by': 'cache-fra1223-FRA',
27 silly registry.get     'x-cache': 'MISS',
27 silly registry.get     'x-cache-hits': '0',
27 silly registry.get     'x-timer': 'S1446811900.279254,VS0,VE343',
27 silly registry.get     vary: 'Accept' } ]
28 silly addNameRange number 2 { name: 'screen', range: '*', hasData: true }
29 silly addNameRange versions [ 'screen',
29 silly addNameRange   [ '0.1.0',
29 silly addNameRange     '0.1.1',
29 silly addNameRange     '0.1.2',
29 silly addNameRange     '0.1.3',
29 silly addNameRange     '0.1.4',
29 silly addNameRange     '0.1.5',
29 silly addNameRange     '0.1.6',
29 silly addNameRange     '0.2.7',
29 silly addNameRange     '0.2.8',
29 silly addNameRange     '0.2.9',
29 silly addNameRange     '0.2.10' ] ]
30 verbose addNamed [ 'screen', '0.2.10' ]
31 verbose addNamed [ '0.2.10', '0.2.10' ]
32 silly lockFile edff839f-screen-0-2-10 screen@0.2.10
33 verbose lock screen@0.2.10 /var/www/vhosts/comp3001.sam-payne.co.uk/.npm/edff839f-screen-0-2-10.lock
34 silly lockFile 6fcc6db1-mjs-org-screen-screen-0-2-10-tgz https://registry.npmjs.org/screen/-/screen-0.2.10.tgz
35 verbose lock https://registry.npmjs.org/screen/-/screen-0.2.10.tgz /var/www/vhosts/comp3001.sam-payne.co.uk/.npm/6fcc6db1-mjs-org-screen-screen-0-2-10-tgz.lock
36 verbose addRemoteTarball [ 'https://registry.npmjs.org/screen/-/screen-0.2.10.tgz',
36 verbose addRemoteTarball   'c47eab3d48a7bd097caa6a0f4e66d2d6cd5a461e' ]
37 info retry fetch attempt 1 at 13:11:40
38 verbose fetch to= /tmp/npm-6264-gLSRgEz_/registry.npmjs.org/screen/-/screen-0.2.10.tgz
39 http GET https://registry.npmjs.org/screen/-/screen-0.2.10.tgz
40 http 200 https://registry.npmjs.org/screen/-/screen-0.2.10.tgz
41 silly lockFile 6fcc6db1-mjs-org-screen-screen-0-2-10-tgz https://registry.npmjs.org/screen/-/screen-0.2.10.tgz
42 silly lockFile 6fcc6db1-mjs-org-screen-screen-0-2-10-tgz https://registry.npmjs.org/screen/-/screen-0.2.10.tgz
43 silly lockFile edff839f-screen-0-2-10 screen@0.2.10
44 silly lockFile edff839f-screen-0-2-10 screen@0.2.10
45 silly lockFile b062d126-screen screen@
46 silly lockFile b062d126-screen screen@
47 silly resolved [ { name: 'screen',
47 silly resolved     version: '0.2.10',
47 silly resolved     description: 'Create a screen to track relative positions',
47 silly resolved     keywords: [],
47 silly resolved     author: { name: 'Raynos', email: 'raynos2@gmail.com' },
47 silly resolved     repository: { type: 'git', url: 'git://github.com/Raynos/screen.git' },
47 silly resolved     main: 'index',
47 silly resolved     homepage: 'https://github.com/Raynos/screen',
47 silly resolved     contributors: [ [Object] ],
47 silly resolved     bugs:
47 silly resolved      { url: 'https://github.com/Raynos/screen/issues',
47 silly resolved        email: 'raynos2@gmail.com' },
47 silly resolved     dependencies: { xtend: '~1.0.3' },
47 silly resolved     devDependencies: {},
47 silly resolved     licenses: [ [Object] ],
47 silly resolved     scripts: { test: 'tap --stderr --tap ./test' },
47 silly resolved     readme: '# screen\n\nCreate a screen to track relative positions\n\n## Example\n\n```js\n/*global screen:true*/\nvar screen = require("screen")\n    , point = require("screen/point")\n\n    , center = point({ x: 10, y: 10 })\n    , one = point({ x: 12, y: 12 })\n    , two = point({ x: 8, y: 8 })\n\nvar world = screen(center, 20, 20)\n    , relativeOne = world.add(one)\n    , relativeTwo = world.add(two)\n\nrelativeOne(function (point) {\n    console.log("one x", point.x, "y", point.y)\n    // one x 12 y 12\n    // one x 7 y 7\n    // one x 10 y 10\n})\n\nrelativeTwo(function (point) {\n    console.log("two x", point.x, "y", point.y)\n    // two x 8 y 8\n    // two x 3 y 3\n})\n\n// move to 15, 15\ncenter({ x: 15, y: 15 })\n\n// move one to 15, 15\none({ x: 15, y: 15 })\n```\n\n## Installation\n\n`npm install screen`\n\n## Contributors\n\n - Raynos\n\n## MIT Licenced\n',
47 silly resolved     _id: 'screen@0.2.10',
47 silly resolved     dist:
47 silly resolved      { shasum: 'c47eab3d48a7bd097caa6a0f4e66d2d6cd5a461e',
47 silly resolved        tarball: 'http://registry.npmjs.org/screen/-/screen-0.2.10.tgz' },
47 silly resolved     _npmVersion: '1.1.49',
47 silly resolved     _npmUser: { name: 'raynos', email: 'raynos2@gmail.com' },
47 silly resolved     maintainers: [ [Object] ],
47 silly resolved     directories: {},
47 silly resolved     _shasum: 'c47eab3d48a7bd097caa6a0f4e66d2d6cd5a461e',
47 silly resolved     _from: 'screen@',
47 silly resolved     _resolved: 'https://registry.npmjs.org/screen/-/screen-0.2.10.tgz' } ]
48 info install screen@0.2.10 into /usr/lib
49 info installOne screen@0.2.10
50 verbose lib/node_modules/screen unbuild
51 verbose tar unpack /var/www/vhosts/comp3001.sam-payne.co.uk/.npm/screen/0.2.10/package.tgz
52 silly lockFile 6846d9f5-tar-usr-lib-node-modules-screen tar:///usr/lib/node_modules/screen
53 verbose lock tar:///usr/lib/node_modules/screen /var/www/vhosts/comp3001.sam-payne.co.uk/.npm/6846d9f5-tar-usr-lib-node-modules-screen.lock
54 silly lockFile 1d09b556-uk-npm-screen-0-2-10-package-tgz tar:///var/www/vhosts/comp3001.sam-payne.co.uk/.npm/screen/0.2.10/package.tgz
55 verbose lock tar:///var/www/vhosts/comp3001.sam-payne.co.uk/.npm/screen/0.2.10/package.tgz /var/www/vhosts/comp3001.sam-payne.co.uk/.npm/1d09b556-uk-npm-screen-0-2-10-package-tgz.lock
56 silly gunzTarPerm modes [ '755', '644' ]
57 error Error: EACCES, mkdir '/usr/lib/node_modules/screen'
57 error  { [Error: EACCES, mkdir '/usr/lib/node_modules/screen']
57 error   errno: 3,
57 error   code: 'EACCES',
57 error   path: '/usr/lib/node_modules/screen',
57 error   fstream_type: 'Directory',
57 error   fstream_path: '/usr/lib/node_modules/screen',
57 error   fstream_class: 'DirWriter',
57 error   fstream_stack:
57 error    [ '/usr/lib/node_modules/npm/node_modules/fstream/lib/dir-writer.js:36:23',
57 error      '/usr/lib/node_modules/npm/node_modules/mkdirp/index.js:46:53',
57 error      'Object.oncomplete (fs.js:108:15)' ] }
58 error Please try running this command again as root/Administrator.
59 error System Linux 2.6.32-042stab111.12
60 error command "/usr/bin/node" "/usr/bin/npm" "install" "-g" "screen"
61 error cwd /var/www/vhosts/comp3001.sam-payne.co.uk/httpdocs/node
62 error node -v v0.10.40
63 error npm -v 1.4.28
64 error path /usr/lib/node_modules/screen
65 error fstream_path /usr/lib/node_modules/screen
66 error fstream_type Directory
67 error fstream_class DirWriter
68 error code EACCES
69 error errno 3
70 error stack Error: EACCES, mkdir '/usr/lib/node_modules/screen'
71 error fstream_stack /usr/lib/node_modules/npm/node_modules/fstream/lib/dir-writer.js:36:23
71 error fstream_stack /usr/lib/node_modules/npm/node_modules/mkdirp/index.js:46:53
71 error fstream_stack Object.oncomplete (fs.js:108:15)
72 verbose exit [ 3, true ]
